setup_mappings: Setting up extracellular algebraic-to-nodal scattering.
setup_mappings: Setting up extracellular PETSc to canonical permutation.
setup_mappings: Setting up intra-to-extra scattering.

Setting up ionic models and plugins
-----------------------------------

Assigning IMPS to tagged regions:
	Ionic model: Nygren to tag region(s) [0] (implicitely)
Setting up intracellular tissue poperties for 1 regions ..
Setting up extracellular tissue poperties for 1 regions ..
Stimulus 0: Selecting vertices from file /Users/xuyongyu/projects/SignalAlgos/code/openCARP/simpleAtriaExample/meshes/pv_1.vtx
Computed parabolic stiffness matrix in 0.002 seconds.
Computed parabolic mass matrix in 0.001 seconds.
Solving parabolic PDE system using absolute tolerance (1e-08) of preconditioned residual
as stopping criterion
parabolic PDE solver: switching to user-provided settings given in /Library/Frameworks/Python.framework/Versions/3.8/lib/python3.8/site-packages/carputils/resources/petsc_options/ilu_cg_opts.
Initializing parabolic solver in 0.00066 seconds.
Computed ellipitc stiffness matrix in 0.004 seconds.
L1 : Elliptic lhs matrix is singular!
Solving elliptic PDE (PETSc) system using absolute tolerance (1e-08) of preconditioned residual
as stopping criterion
elliptic PDE (PETSc) solver: switching to user-provided settings given in /Library/Frameworks/Python.framework/Versions/3.8/lib/python3.8/site-packages/carputils/resources/petsc_options/gamg_cg_opts.
Initializing elliptic solver in 0.00317 seconds.
Computed ellipitc mass matrix in 0.001 seconds.
